2025/12/05 09:20:53 [alert] 31361#0: lua_code_cache is off; this will hurt performance in /Users/harry_9805/myLuaLapis_1/nginx.conf.compiled:20
2025/12/05 09:20:53 [error] 31361#0: init_by_lua error: init_by_lua(nginx.conf.compiled:14):2: module 'lpeg' not found:
	no field package.preload['lpeg']
	no file '/usr/local/openresty/site/lualib/lpeg.ljbc'
	no file '/usr/local/openresty/site/lualib/lpeg/init.ljbc'
	no file '/usr/local/openresty/lualib/lpeg.ljbc'
	no file '/usr/local/openresty/lualib/lpeg/init.ljbc'
	no file '/usr/local/openresty/site/lualib/lpeg.lua'
	no file '/usr/local/openresty/site/lualib/lpeg/init.lua'
	no file '/usr/local/openresty/lualib/lpeg.lua'
	no file '/usr/local/openresty/lualib/lpeg/init.lua'
	no file './lpeg.lua'
	no file '/usr/local/openresty/luajit/share/luajit-2.1/lpeg.lua'
	no file '/usr/local/share/lua/5.1/lpeg.lua'
	no file '/usr/local/share/lua/5.1/lpeg/init.lua'
	no file '/usr/local/openresty/luajit/share/lua/5.1/lpeg.lua'
	no file '/usr/local/openresty/luajit/share/lua/5.1/lpeg/init.lua'
	no file '/usr/local/openresty/site/lualib/lpeg.so'
	no file '/usr/local/openresty/lualib/lpeg.so'
	no file './lpeg.so'
	no file '/usr/local/lib/lua/5.1/lpeg.so'
	no file '/usr/local/openresty/luajit/lib/lua/5.1/lpeg.so'
	no file '/usr/local/lib/lua/5.1/loadall.so'
stack traceback:
	[C]: in function 'require'
	init_by_lua(nginx.conf.compiled:14):2: in main chunk
2025/12/05 09:25:15 [alert] 32246#0: lua_code_cache is off; this will hurt performance in /Users/harry_9805/myLuaLapis_1/nginx.conf.compiled:20
2025/12/05 09:25:15 [error] 32246#0: init_by_lua error: init_by_lua(nginx.conf.compiled:14):2: module 'lpeg' not found:
	no field package.preload['lpeg']
	no file '/usr/local/openresty/site/lualib/lpeg.ljbc'
	no file '/usr/local/openresty/site/lualib/lpeg/init.ljbc'
	no file '/usr/local/openresty/lualib/lpeg.ljbc'
	no file '/usr/local/openresty/lualib/lpeg/init.ljbc'
	no file '/usr/local/openresty/site/lualib/lpeg.lua'
	no file '/usr/local/openresty/site/lualib/lpeg/init.lua'
	no file '/usr/local/openresty/lualib/lpeg.lua'
	no file '/usr/local/openresty/lualib/lpeg/init.lua'
	no file './lpeg.lua'
	no file '/usr/local/openresty/luajit/share/luajit-2.1/lpeg.lua'
	no file '/usr/local/share/lua/5.1/lpeg.lua'
	no file '/usr/local/share/lua/5.1/lpeg/init.lua'
	no file '/usr/local/openresty/luajit/share/lua/5.1/lpeg.lua'
	no file '/usr/local/openresty/luajit/share/lua/5.1/lpeg/init.lua'
	no file '/usr/local/openresty/site/lualib/lpeg.so'
	no file '/usr/local/openresty/lualib/lpeg.so'
	no file './lpeg.so'
	no file '/usr/local/lib/lua/5.1/lpeg.so'
	no file '/usr/local/openresty/luajit/lib/lua/5.1/lpeg.so'
	no file '/usr/local/lib/lua/5.1/loadall.so'
stack traceback:
	[C]: in function 'require'
	init_by_lua(nginx.conf.compiled:14):2: in main chunk
2025/12/05 09:25:43 [emerg] 32297#0: "lua_package_path" directive is not allowed here in /Users/harry_9805/myLuaLapis_1/nginx.conf.compiled:7
2025/12/05 09:26:20 [alert] 32346#0: lua_code_cache is off; this will hurt performance in /Users/harry_9805/myLuaLapis_1/nginx.conf.compiled:26
2025/12/05 09:28:09 [alert] 32450#0: lua_code_cache is off; this will hurt performance in /Users/harry_9805/myLuaLapis_1/nginx.conf.compiled:26
2025/12/05 09:31:33 [alert] 32657#0: lua_code_cache is off; this will hurt performance in /Users/harry_9805/myLuaLapis_1/nginx.conf.compiled:26
2025/12/05 09:32:21 [alert] 32719#0: lua_code_cache is off; this will hurt performance in /Users/harry_9805/myLuaLapis_1/nginx.conf.compiled:26
2025/12/05 09:36:52 [alert] 35672#0: lua_code_cache is off; this will hurt performance in /Users/harry_9805/myLuaLapis_1/nginx.conf.compiled:26
2025/12/05 09:40:28 [alert] 35829#0: lua_code_cache is off; this will hurt performance in /Users/harry_9805/myLuaLapis_1/nginx.conf.compiled:26
2025/12/05 09:40:28 [error] 35829#0: init_by_lua error: init_by_lua(nginx.conf.compiled:20):2: module 'lpeg' not found:
	no field package.preload['lpeg']
	no file '/usr/local/openresty/luajit/share/lua/5.1/lpeg.lua'
	no file '/usr/local/openresty/site/lualib/lpeg.ljbc'
	no file '/usr/local/openresty/site/lualib/lpeg/init.ljbc'
	no file '/usr/local/openresty/lualib/lpeg.ljbc'
	no file '/usr/local/openresty/lualib/lpeg/init.ljbc'
	no file '/usr/local/openresty/site/lualib/lpeg.lua'
	no file '/usr/local/openresty/site/lualib/lpeg/init.lua'
	no file '/usr/local/openresty/lualib/lpeg.lua'
	no file '/usr/local/openresty/lualib/lpeg/init.lua'
	no file './lpeg.lua'
	no file '/usr/local/openresty/luajit/share/luajit-2.1/lpeg.lua'
	no file '/usr/local/share/lua/5.1/lpeg.lua'
	no file '/usr/local/share/lua/5.1/lpeg/init.lua'
	no file '/usr/local/openresty/luajit/share/lua/5.1/lpeg.lua'
	no file '/usr/local/openresty/luajit/share/lua/5.1/lpeg/init.lua'
	no file '/usr/local/openresty/luajit/lib/lua/5.1/lpeg.so'
	no file '/usr/local/openresty/site/lualib/lpeg.so'
	no file '/usr/local/openresty/lualib/lpeg.so'
	no file './lpeg.so'
	no file '/usr/local/lib/lua/5.1/lpeg.so'
	no file '/usr/local/openresty/luajit/lib/lua/5.1/lpeg.so'
	no file '/usr/local/lib/lua/5.1/loadall.so'
stack traceback:
	[C]: in function 'require'
	init_by_lua(nginx.conf.compiled:20):2: in main chunk
2025/12/05 09:42:34 [alert] 38934#0: lua_code_cache is off; this will hurt performance in /Users/harry_9805/myLuaLapis_1/nginx.conf.compiled:26
2025/12/05 10:14:32 [alert] 40171#0: lua_code_cache is off; this will hurt performance in /Users/harry_9805/myLuaLapis_1/nginx.conf.compiled:26
2025/12/05 10:19:17 [alert] 40540#0: lua_code_cache is off; this will hurt performance in /Users/harry_9805/myLuaLapis_1/nginx.conf.compiled:26
2025/12/05 10:20:45 [alert] 40629#0: lua_code_cache is off; this will hurt performance in /Users/harry_9805/myLuaLapis_1/nginx.conf.compiled:26
2025/12/05 10:22:30 [alert] 40741#0: lua_code_cache is off; this will hurt performance in /Users/harry_9805/myLuaLapis_1/nginx.conf.compiled:26
2025/12/05 10:23:35 [alert] 40817#0: lua_code_cache is off; this will hurt performance in /Users/harry_9805/myLuaLapis_1/nginx.conf.compiled:26
2025/12/05 10:25:41 [alert] 41053#0: lua_code_cache is off; this will hurt performance in /Users/harry_9805/myLuaLapis_1/nginx.conf.compiled:26
2025/12/05 10:29:32 [alert] 41246#0: lua_code_cache is off; this will hurt performance in /Users/harry_9805/myLuaLapis_1/nginx.conf.compiled:26
2025/12/05 10:31:39 [alert] 41345#0: lua_code_cache is off; this will hurt performance in /Users/harry_9805/myLuaLapis_1/nginx.conf.compiled:26
2025/12/05 10:33:18 [alert] 41427#0: lua_code_cache is off; this will hurt performance in /Users/harry_9805/myLuaLapis_1/nginx.conf.compiled:26
2025/12/05 10:35:10 [alert] 41514#0: lua_code_cache is off; this will hurt performance in /Users/harry_9805/myLuaLapis_1/nginx.conf.compiled:26
2025/12/05 10:36:54 [alert] 41600#0: lua_code_cache is off; this will hurt performance in /Users/harry_9805/myLuaLapis_1/nginx.conf.compiled:29
2025/12/05 10:36:54 [error] 41600#0: init_by_lua error: init_by_lua(nginx.conf.compiled:20):4: module 'cjosn' not found:
	no field package.preload['cjosn']
	no file '/usr/local/openresty/luajit/share/lua/5.1/cjosn.lua'
	no file '/usr/local/openresty/site/lualib/cjosn.ljbc'
	no file '/usr/local/openresty/site/lualib/cjosn/init.ljbc'
	no file '/usr/local/openresty/lualib/cjosn.ljbc'
	no file '/usr/local/openresty/lualib/cjosn/init.ljbc'
	no file '/usr/local/openresty/site/lualib/cjosn.lua'
	no file '/usr/local/openresty/site/lualib/cjosn/init.lua'
	no file '/usr/local/openresty/lualib/cjosn.lua'
	no file '/usr/local/openresty/lualib/cjosn/init.lua'
	no file './cjosn.lua'
	no file '/usr/local/openresty/luajit/share/luajit-2.1/cjosn.lua'
	no file '/usr/local/share/lua/5.1/cjosn.lua'
	no file '/usr/local/share/lua/5.1/cjosn/init.lua'
	no file '/usr/local/openresty/luajit/share/lua/5.1/cjosn.lua'
	no file '/usr/local/openresty/luajit/share/lua/5.1/cjosn/init.lua'
	no file '/usr/local/openresty/luajit/lib/lua/5.1/cjosn.so'
	no file '/usr/local/openresty/site/lualib/cjosn.so'
	no file '/usr/local/openresty/lualib/cjosn.so'
	no file './cjosn.so'
	no file '/usr/local/lib/lua/5.1/cjosn.so'
	no file '/usr/local/openresty/luajit/lib/lua/5.1/cjosn.so'
	no file '/usr/local/lib/lua/5.1/loadall.so'
stack traceback:
	[C]: in function 'require'
	init_by_lua(nginx.conf.compiled:20):4: in main chunk
2025/12/05 10:37:20 [alert] 41638#0: lua_code_cache is off; this will hurt performance in /Users/harry_9805/myLuaLapis_1/nginx.conf.compiled:29
2025/12/05 10:39:22 [alert] 41736#0: lua_code_cache is off; this will hurt performance in /Users/harry_9805/myLuaLapis_1/nginx.conf.compiled:29
2025/12/05 10:42:04 [alert] 41851#0: lua_code_cache is off; this will hurt performance in /Users/harry_9805/myLuaLapis_1/nginx.conf.compiled:29
2025/12/05 10:46:14 [alert] 42027#0: lua_code_cache is off; this will hurt performance in /Users/harry_9805/myLuaLapis_1/nginx.conf.compiled:29
2025/12/05 10:53:11 [alert] 42320#0: lua_code_cache is off; this will hurt performance in /Users/harry_9805/myLuaLapis_1/nginx.conf.compiled:29
2025/12/05 10:57:58 [alert] 42536#0: lua_code_cache is off; this will hurt performance in /Users/harry_9805/myLuaLapis_1/nginx.conf.compiled:29
2025/12/05 10:59:18 [alert] 42641#0: lua_code_cache is off; this will hurt performance in /Users/harry_9805/myLuaLapis_1/nginx.conf.compiled:29
2025/12/05 11:01:34 [alert] 42744#0: lua_code_cache is off; this will hurt performance in /Users/harry_9805/myLuaLapis_1/nginx.conf.compiled:29
2025/12/05 11:07:23 [alert] 43002#0: lua_code_cache is off; this will hurt performance in /Users/harry_9805/myLuaLapis_1/nginx.conf.compiled:29
2025/12/05 11:18:10 [alert] 43454#0: lua_code_cache is off; this will hurt performance in /Users/harry_9805/myLuaLapis_1/nginx.conf.compiled:29
2025/12/05 12:00:13 [alert] 43633#0: lua_code_cache is off; this will hurt performance in /Users/harry_9805/myLuaLapis_1/nginx.conf.compiled:29
2025/12/05 13:29:00 [alert] 44111#0: lua_code_cache is off; this will hurt performance in /Users/harry_9805/myLuaLapis_1/nginx.conf.compiled:29
2025/12/05 13:30:57 [alert] 44272#0: lua_code_cache is off; this will hurt performance in /Users/harry_9805/myLuaLapis_1/nginx.conf.compiled:29
2025/12/05 13:33:40 [alert] 44410#0: lua_code_cache is off; this will hurt performance in /Users/harry_9805/myLuaLapis_1/nginx.conf.compiled:29
2025/12/05 13:36:09 [alert] 44583#0: lua_code_cache is off; this will hurt performance in /Users/harry_9805/myLuaLapis_1/nginx.conf.compiled:29
2025/12/05 13:38:00 [alert] 44683#0: lua_code_cache is off; this will hurt performance in /Users/harry_9805/myLuaLapis_1/nginx.conf.compiled:29
2025/12/05 13:40:50 [alert] 44799#0: lua_code_cache is off; this will hurt performance in /Users/harry_9805/myLuaLapis_1/nginx.conf.compiled:29
2025/12/05 13:41:31 [alert] 44847#0: lua_code_cache is off; this will hurt performance in /Users/harry_9805/myLuaLapis_1/nginx.conf.compiled:29
2025/12/05 13:44:38 [alert] 44980#0: lua_code_cache is off; this will hurt performance in /Users/harry_9805/myLuaLapis_1/nginx.conf.compiled:29
2025/12/05 13:50:32 [alert] 45247#0: lua_code_cache is off; this will hurt performance in /Users/harry_9805/myLuaLapis_1/nginx.conf.compiled:29
2025/12/05 13:52:30 [alert] 45342#0: lua_code_cache is off; this will hurt performance in /Users/harry_9805/myLuaLapis_1/nginx.conf.compiled:29
2025/12/05 13:54:03 [alert] 45429#0: lua_code_cache is off; this will hurt performance in /Users/harry_9805/myLuaLapis_1/nginx.conf.compiled:29
2025/12/05 13:55:37 [alert] 45506#0: lua_code_cache is off; this will hurt performance in /Users/harry_9805/myLuaLapis_1/nginx.conf.compiled:29
2025/12/05 14:00:25 [alert] 45791#0: lua_code_cache is off; this will hurt performance in /Users/harry_9805/myLuaLapis_1/nginx.conf.compiled:29
